<?xml version="1.0" encoding="utf-8"?>
<coverage line-rate="0.4285" branch-rate="0.4" version="1.9" timestamp="1773988277" lines-covered="12" lines-valid="28" branches-covered="4" branches-valid="10">
  <sources>
    <source>C:\Users\alexa\Desktop\skola\MyApi\src\Api\</source>
  </sources>
  <packages>
    <package name="Api" line-rate="0.4285" branch-rate="0.4" complexity="16">
      <classes>
        <class name="UserService" filename="service\UserService.cs" line-rate="0.8181" branch-rate="0.5" complexity="9">
          <methods>
            <method name="Auth" signature="()" line-rate="0.75" branch-rate="0.5" complexity="8">
              <lines>
                <line number="4" hits="2" branch="False" />
                <line number="5" hits="2" branch="False" />
                <line number="6" hits="2" branch="True" condition-coverage="50% (2/4)">
                  <conditions>
                    <condition number="19" type="jump" coverage="50%" />
                    <condition number="37" type="jump" coverage="50%" />
                  </conditions>
                </line>
                <line number="7" hits="0" branch="False" />
                <line number="9" hits="2" branch="True" condition-coverage="50% (2/4)">
                  <conditions>
                    <condition number="59" type="jump" coverage="50%" />
                    <condition number="82" type="jump" coverage="50%" />
                  </conditions>
                </line>
                <line number="10" hits="0" branch="False" />
                <line number="12" hits="2" branch="False" />
                <line number="13" hits="2" branch="False" />
              </lines>
            </method>
            <method name="returnUser" signature="()" line-rate="1" branch-rate="1" complexity="1">
              <lines>
                <line number="16" hits="2" branch="False" />
                <line number="17" hits="2" branch="False" />
                <line number="18" hits="2" branch="False" />
              </lines>
            </method>
          </methods>
          <lines>
            <line number="4" hits="2" branch="False" />
            <line number="5" hits="2" branch="False" />
            <line number="6" hits="2" branch="True" condition-coverage="50% (2/4)">
              <conditions>
                <condition number="19" type="jump" coverage="50%" />
                <condition number="37" type="jump" coverage="50%" />
              </conditions>
            </line>
            <line number="7" hits="0" branch="False" />
            <line number="9" hits="2" branch="True" condition-coverage="50% (2/4)">
              <conditions>
                <condition number="59" type="jump" coverage="50%" />
                <condition number="82" type="jump" coverage="50%" />
              </conditions>
            </line>
            <line number="10" hits="0" branch="False" />
            <line number="12" hits="2" branch="False" />
            <line number="13" hits="2" branch="False" />
            <line number="16" hits="2" branch="False" />
            <line number="17" hits="2" branch="False" />
            <line number="18" hits="2" branch="False" />
          </lines>
        </class>
        <class name="User" filename="service\UserService.cs" line-rate="1" branch-rate="1" complexity="3">
          <methods>
            <method name="get_Name" signature="()" line-rate="1" branch-rate="1" complexity="1">
              <lines>
                <line number="24" hits="4" branch="False" />
              </lines>
            </method>
            <method name="get_Username" signature="()" line-rate="1" branch-rate="1" complexity="1">
              <lines>
                <line number="25" hits="8" branch="False" />
              </lines>
            </method>
            <method name="get_Password" signature="()" line-rate="1" branch-rate="1" complexity="1">
              <lines>
                <line number="26" hits="6" branch="False" />
              </lines>
            </method>
          </methods>
          <lines>
            <line number="24" hits="4" branch="False" />
            <line number="25" hits="8" branch="False" />
            <line number="26" hits="6" branch="False" />
          </lines>
        </class>
        <class name="MyWebApi.Program" filename="Program.cs" line-rate="0" branch-rate="1" complexity="1">
          <methods>
            <method name="Main" signature="(System.String[])" line-rate="0" branch-rate="1" complexity="1">
              <lines>
                <line number="8" hits="0" branch="False" />
                <line number="9" hits="0" branch="False" />
                <line number="10" hits="0" branch="False" />
                <line number="11" hits="0" branch="False" />
              </lines>
            </method>
          </methods>
          <lines>
            <line number="8" hits="0" branch="False" />
            <line number="9" hits="0" branch="False" />
            <line number="10" hits="0" branch="False" />
            <line number="11" hits="0" branch="False" />
          </lines>
        </class>
        <class name="MyWebApi.Test" filename="Program.cs" line-rate="0" branch-rate="0" complexity="3">
          <methods>
            <method name="Hey" signature="(System.Int32)" line-rate="0" branch-rate="0" complexity="2">
              <lines>
                <line number="19" hits="0" branch="False" />
                <line number="20" hits="0" branch="True" condition-coverage="0% (0/2)">
                  <conditions>
                    <condition number="7" type="jump" coverage="0%" />
                  </conditions>
                </line>
                <line number="21" hits="0" branch="False" />
                <line number="22" hits="0" branch="False" />
                <line number="23" hits="0" branch="False" />
                <line number="25" hits="0" branch="False" />
                <line number="26" hits="0" branch="False" />
                <line number="27" hits="0" branch="False" />
                <line number="28" hits="0" branch="False" />
              </lines>
            </method>
            <method name=".ctor" signature="()" line-rate="0" branch-rate="1" complexity="1">
              <lines>
                <line number="15" hits="0" branch="False" />
              </lines>
            </method>
          </methods>
          <lines>
            <line number="19" hits="0" branch="False" />
            <line number="20" hits="0" branch="True" condition-coverage="0% (0/2)">
              <conditions>
                <condition number="7" type="jump" coverage="0%" />
              </conditions>
            </line>
            <line number="21" hits="0" branch="False" />
            <line number="22" hits="0" branch="False" />
            <line number="23" hits="0" branch="False" />
            <line number="25" hits="0" branch="False" />
            <line number="26" hits="0" branch="False" />
            <line number="27" hits="0" branch="False" />
            <line number="28" hits="0" branch="False" />
            <line number="15" hits="0" branch="False" />
          </lines>
        </class>
      </classes>
    </package>
  </packages>
</coverage>